<?xml version="1.0" encoding="UTF-8"?><testrun duration="3" footerText="Generated by IntelliJ IDEA on 13/05/22, 6:46 p. m." name="testrunner">
    <count name="total" value="39"/>
    <count name="error" value="2"/>
    <count name="passed" value="37"/>
    <config nameIsGenerated="true" configId="JUnit" name="testrunner">
        <module name="automatizacionAldeamo"/>
        <extension name="coverage">
            <pattern>
                <option name="PATTERN" value="runner.*"/>
                <option name="ENABLED" value="true"/>
            </pattern>
        </extension>
        <option name="PACKAGE_NAME" value="runner"/>
        <option name="MAIN_CLASS_NAME" value="runner.testrunner"/>
        <option name="TEST_OBJECT" value="class"/>
        <method v="2">
            <option name="Make" enabled="true"/>
        </method>
    </config>
    <root name="runner.testrunner" location="java:suite://runner.testrunner">
        <output type="stdout">"C:\Program Files\Microsoft\jdk-11.0.12.7-hotspot\bin\java.exe" -ea -DnodeNamesHandler=org.jetbrains.plugins.cucumber.java.run.CucumberTestTreeNodeManager -Didea.test.cyclic.buffer.size=1048576 "-javaagent:C:\Program Files\JetBrains\IntelliJ IDEA Community Edition 2022.1.1\lib\idea_rt.jar=63861:C:\Program Files\JetBrains\IntelliJ IDEA Community Edition 2022.1.1\bin" -Dfile.encoding=UTF-8 -classpath "C:\Program Files\JetBrains\IntelliJ IDEA Community Edition 2022.1.1\lib\idea_rt.jar;C:\Program Files\JetBrains\IntelliJ IDEA Community Edition 2022.1.1\plugins\junit\lib\junit5-rt.jar;C:\Program Files\JetBrains\IntelliJ IDEA Community Edition 2022.1.1\plugins\junit\lib\junit-rt.jar;C:\Users\Server-Development\Desktop\pruebacypress\prueba tecnica aldeamo\untitled\target\test-classes;C:\Users\Server-Development\Desktop\pruebacypress\prueba tecnica aldeamo\untitled\target\classes;C:\Users\Server-Development\.m2\repository\junit\junit\4.12\junit-4.12.jar;C:\Users\Server-Development\.m2\repository\org\hamcrest\hamcrest-core\1.3\hamcrest-core-1.3.jar;C:\Users\Server-Development\.m2\repository\org\seleniumhq\selenium\selenium-java\3.7.1\selenium-java-3.7.1.jar;C:\Users\Server-Development\.m2\repository\org\seleniumhq\selenium\selenium-api\3.7.1\selenium-api-3.7.1.jar;C:\Users\Server-Development\.m2\repository\org\seleniumhq\selenium\selenium-chrome-driver\3.7.1\selenium-chrome-driver-3.7.1.jar;C:\Users\Server-Development\.m2\repository\org\seleniumhq\selenium\selenium-edge-driver\3.7.1\selenium-edge-driver-3.7.1.jar;C:\Users\Server-Development\.m2\repository\org\seleniumhq\selenium\selenium-firefox-driver\3.7.1\selenium-firefox-driver-3.7.1.jar;C:\Users\Server-Development\.m2\repository\org\seleniumhq\selenium\selenium-ie-driver\3.7.1\selenium-ie-driver-3.7.1.jar;C:\Users\Server-Development\.m2\repository\org\seleniumhq\selenium\selenium-opera-driver\3.7.1\selenium-opera-driver-3.7.1.jar;C:\Users\Server-Development\.m2\repository\org\seleniumhq\selenium\selenium-remote-driver\3.7.1\selenium-remote-driver-3.7.1.jar;C:\Users\Server-Development\.m2\repository\org\seleniumhq\selenium\selenium-safari-driver\3.7.1\selenium-safari-driver-3.7.1.jar;C:\Users\Server-Development\.m2\repository\org\seleniumhq\selenium\selenium-support\3.7.1\selenium-support-3.7.1.jar;C:\Users\Server-Development\.m2\repository\net\bytebuddy\byte-buddy\1.7.5\byte-buddy-1.7.5.jar;C:\Users\Server-Development\.m2\repository\org\apache\commons\commons-exec\1.3\commons-exec-1.3.jar;C:\Users\Server-Development\.m2\repository\commons-codec\commons-codec\1.10\commons-codec-1.10.jar;C:\Users\Server-Development\.m2\repository\commons-logging\commons-logging\1.2\commons-logging-1.2.jar;C:\Users\Server-Development\.m2\repository\com\google\code\gson\gson\2.8.2\gson-2.8.2.jar;C:\Users\Server-Development\.m2\repository\com\google\guava\guava\23.0\guava-23.0.jar;C:\Users\Server-Development\.m2\repository\com\google\code\findbugs\jsr305\1.3.9\jsr305-1.3.9.jar;C:\Users\Server-Development\.m2\repository\com\google\errorprone\error_prone_annotations\2.0.18\error_prone_annotations-2.0.18.jar;C:\Users\Server-Development\.m2\repository\com\google\j2objc\j2objc-annotations\1.1\j2objc-annotations-1.1.jar;C:\Users\Server-Development\.m2\repository\org\codehaus\mojo\animal-sniffer-annotations\1.14\animal-sniffer-annotations-1.14.jar;C:\Users\Server-Development\.m2\repository\org\apache\httpcomponents\httpclient\4.5.3\httpclient-4.5.3.jar;C:\Users\Server-Development\.m2\repository\org\apache\httpcomponents\httpcore\4.4.6\httpcore-4.4.6.jar;C:\Users\Server-Development\.m2\repository\info\cukes\cucumber-java\1.2.5\cucumber-java-1.2.5.jar;C:\Users\Server-Development\.m2\repository\info\cukes\cucumber-core\1.2.5\cucumber-core-1.2.5.jar;C:\Users\Server-Development\.m2\repository\info\cukes\cucumber-html\0.2.3\cucumber-html-0.2.3.jar;C:\Users\Server-Development\.m2\repository\info\cukes\gherkin\2.12.2\gherkin-2.12.2.jar;C:\Users\Server-Development\.m2\repository\info\cukes\cucumber-jvm-deps\1.0.5\cucumber-jvm-deps-1.0.5.jar;C:\Users\Server-Development\.m2\repository\info\cukes\cucumber-junit\1.2.5\cucumber-junit-1.2.5.jar;C:\Users\Server-Development\.m2\repository\com\vimalselvam\cucumber-extentsreport\3.0.2\cucumber-extentsreport-3.0.2.jar;C:\Users\Server-Development\.m2\repository\com\aventstack\extentreports\3.1.2\extentreports-3.1.2.jar;C:\Users\Server-Development\.m2\repository\org\freemarker\freemarker\2.3.23\freemarker-2.3.23.jar;C:\Users\Server-Development\.m2\repository\org\mongodb\mongodb-driver\3.3.0\mongodb-driver-3.3.0.jar;C:\Users\Server-Development\.m2\repository\org\mongodb\bson\3.3.0\bson-3.3.0.jar;C:\Users\Server-Development\.m2\repository\org\mongodb\mongodb-driver-core\3.3.0\mongodb-driver-core-3.3.0.jar;C:\Users\Server-Development\.m2\repository\org\apache\httpcomponents\httpmime\4.5.2\httpmime-4.5.2.jar;C:\Users\Server-Development\.m2\repository\org\jsoup\jsoup\1.9.2\jsoup-1.9.2.jar;C:\Users\Server-Development\AppData\Roaming\JetBrains\IdeaIC2022.1\plugins\cucumber-java\lib\cucumber-jvmFormatter.jar" com.intellij.rt.junit.JUnitStarter -ideVersion5 -junit4 runner.testrunner
</output>
        <output type="stderr">Starting ChromeDriver 101.0.4951.41 (93c720db8323b3ec10d056025ab95c23a31997c9-refs/branch-heads/4951@{#904}) on port 48347
Only local connections are allowed.
Please see https://chromedriver.chromium.org/security-considerations for suggestions on keeping ChromeDriver safe.
ChromeDriver was started successfully.
may. 13, 2022 6:44:45 P. M. org.openqa.selenium.remote.ProtocolHandshake createSession
INFORMACIÓN: Detected dialect: W3C
WARNING: An illegal reflective access operation has occurred
WARNING: Illegal reflective access by cucumber.deps.com.thoughtworks.xstream.core.util.Fields (file:/C:/Users/Server-Development/.m2/repository/info/cukes/cucumber-jvm-deps/1.0.5/cucumber-jvm-deps-1.0.5.jar) to field java.util.TreeMap.comparator
WARNING: Please consider reporting this to the maintainers of cucumber.deps.com.thoughtworks.xstream.core.util.Fields
WARNING: Use --illegal-access=warn to enable warnings of further illegal reflective access operations
WARNING: All illegal access operations will be denied in a future release
</output>
        <output type="stdout">Process finished with exit code -1
</output>
    </root>
    <suite duration="3" locationUrl="java:suite://Feature: Inicio de Sesion" name="Feature: Inicio de Sesion" status="error">
        <suite duration="3" locationUrl="java:suite://Scenario Outline: login usuario valido" name="Scenario Outline: login usuario valido" status="error">
            <suite duration="3" locationUrl="java:suite://Examples: " name="Examples: " status="error">
                <suite duration="0" locationUrl="java:suite://| standard_user | secret_sauce |" name="| standard_user | secret_sauce |" status="passed">
                    <test duration="0" locationUrl="cucumber.runtime.model.ExampleStep@1b410b60" name="| standard_user | secret_sauce |.Given ingreso a la pagina de login de la aplicacion web swaglabs" status="passed"/>
                    <test duration="0" locationUrl="cucumber.runtime.model.ExampleStep@456d6c1e" name="| standard_user | secret_sauce |.When se ingresa el nombre de usuario &quot;standard_user&quot;" status="passed"/>
                    <test duration="0" locationUrl="cucumber.runtime.model.ExampleStep@1e13529a" name="| standard_user | secret_sauce |.And se ingresa el password &quot;secret_sauce&quot;" status="passed"/>
                    <test duration="0" locationUrl="cucumber.runtime.model.ExampleStep@1ec9bd38" name="| standard_user | secret_sauce |.And clic en boton login" status="passed"/>
                    <test duration="0" locationUrl="cucumber.runtime.model.ExampleStep@452e19ca" name="| standard_user | secret_sauce |.Then ingresa a la pagina de productos" status="passed"/>
                </suite>
                <suite duration="3" locationUrl="java:suite://| locked_out_user | secret_sauce |" name="| locked_out_user | secret_sauce |" status="error">
                    <test duration="0" locationUrl="cucumber.runtime.model.ExampleStep@6b0d80ed" name="| locked_out_user | secret_sauce |.Given ingreso a la pagina de login de la aplicacion web swaglabs" status="passed"/>
                    <test duration="0" locationUrl="cucumber.runtime.model.ExampleStep@6f8e8894" name="| locked_out_user | secret_sauce |.When se ingresa el nombre de usuario &quot;locked_out_user&quot;" status="passed"/>
                    <test duration="0" locationUrl="cucumber.runtime.model.ExampleStep@3cfdd820" name="| locked_out_user | secret_sauce |.And se ingresa el password &quot;secret_sauce&quot;" status="passed"/>
                    <test duration="0" locationUrl="cucumber.runtime.model.ExampleStep@928763c" name="| locked_out_user | secret_sauce |.And clic en boton login" status="passed"/>
                    <test duration="3" locationUrl="cucumber.runtime.model.ExampleStep@e25951c" name="| locked_out_user | secret_sauce |.Then ingresa a la pagina de productos" status="error">
                        <output type="stderr">org.openqa.selenium.NoSuchElementException: no such element: Unable to locate element: {"method":"css selector","selector":".app_logo"}
  (Session info: chrome=101.0.4951.54)
For documentation on this error, please visit: http://seleniumhq.org/exceptions/no_such_element.html
Build info: version: '3.7.1', revision: '8a0099a', time: '2017-11-06T21:01:39.354Z'
System info: host: 'SERVER-DEVELOPM', ip: '172.168.10.201', os.name: 'Windows 10', os.arch: 'amd64', os.version: '10.0', java.version: '11.0.12'
Driver info: org.openqa.selenium.chrome.ChromeDriver
Capabilities {acceptInsecureCerts: false, browserName: chrome, browserVersion: 101.0.4951.54, chrome: {chromedriverVersion: 101.0.4951.41 (93c720db8323..., userDataDir: C:\Users\SERVER~1\AppData\L...}, goog:chromeOptions: {debuggerAddress: localhost:63893}, javascriptEnabled: true, networkConnectionEnabled: false, pageLoadStrategy: normal, platform: WINDOWS, platformName: WINDOWS, proxy: Proxy(), setWindowRect: true, strictFileInteractability: false, timeouts: {implicit: 0, pageLoad: 300000, script: 30000}, unhandledPromptBehavior: dismiss and notify, webauthn:extension:credBlob: true, webauthn:extension:largeBlob: true, webauthn:virtualAuthenticators: true}
Session ID: 7506d54d9d34a95aa9266bece09defda
*** Element info: {Using=class name, value=app_logo}&#13;
	at java.base/jdk.internal.reflect.NativeConstructorAccessorImpl.newInstance0(Native Method)&#13;
	at java.base/jdk.internal.reflect.NativeConstructorAccessorImpl.newInstance(NativeConstructorAccessorImpl.java:62)&#13;
	at java.base/jdk.internal.reflect.DelegatingConstructorAccessorImpl.newInstance(DelegatingConstructorAccessorImpl.java:45)&#13;
	at java.base/java.lang.reflect.Constructor.newInstance(Constructor.java:490)&#13;
	at org.openqa.selenium.remote.http.W3CHttpResponseCodec.createException(W3CHttpResponseCodec.java:187)&#13;
	at org.openqa.selenium.remote.http.W3CHttpResponseCodec.decode(W3CHttpResponseCodec.java:122)&#13;
	at org.openqa.selenium.remote.http.W3CHttpResponseCodec.decode(W3CHttpResponseCodec.java:49)&#13;
	at org.openqa.selenium.remote.HttpCommandExecutor.execute(HttpCommandExecutor.java:164)&#13;
	at org.openqa.selenium.remote.service.DriverCommandExecutor.execute(DriverCommandExecutor.java:83)&#13;
	at org.openqa.selenium.remote.RemoteWebDriver.execute(RemoteWebDriver.java:600)&#13;
	at org.openqa.selenium.remote.RemoteWebDriver.findElement(RemoteWebDriver.java:370)&#13;
	at org.openqa.selenium.remote.RemoteWebDriver.findElementByClassName(RemoteWebDriver.java:456)&#13;
	at org.openqa.selenium.By$ByClassName.findElement(By.java:391)&#13;
	at org.openqa.selenium.remote.RemoteWebDriver.findElement(RemoteWebDriver.java:362)&#13;
	at seleniumgluecode.test.ingresaALaPaginaDeProductos(test.java:43)&#13;
	at ✽.Then ingresa a la pagina de productos(test.feature:8)&#13;
</output>
                    </test>
                    <test duration="0" locationUrl="java:suite://| locked_out_user | secret_sauce |" name="Class Configuration" status="error">
                        <output type="stderr">org.openqa.selenium.NoSuchElementException: no such element: Unable to locate element: {"method":"css selector","selector":".app_logo"}
  (Session info: chrome=101.0.4951.54)
For documentation on this error, please visit: http://seleniumhq.org/exceptions/no_such_element.html
Build info: version: '3.7.1', revision: '8a0099a', time: '2017-11-06T21:01:39.354Z'
System info: host: 'SERVER-DEVELOPM', ip: '172.168.10.201', os.name: 'Windows 10', os.arch: 'amd64', os.version: '10.0', java.version: '11.0.12'
Driver info: org.openqa.selenium.chrome.ChromeDriver
Capabilities {acceptInsecureCerts: false, browserName: chrome, browserVersion: 101.0.4951.54, chrome: {chromedriverVersion: 101.0.4951.41 (93c720db8323..., userDataDir: C:\Users\SERVER~1\AppData\L...}, goog:chromeOptions: {debuggerAddress: localhost:63893}, javascriptEnabled: true, networkConnectionEnabled: false, pageLoadStrategy: normal, platform: WINDOWS, platformName: WINDOWS, proxy: Proxy(), setWindowRect: true, strictFileInteractability: false, timeouts: {implicit: 0, pageLoad: 300000, script: 30000}, unhandledPromptBehavior: dismiss and notify, webauthn:extension:credBlob: true, webauthn:extension:largeBlob: true, webauthn:virtualAuthenticators: true}
Session ID: 7506d54d9d34a95aa9266bece09defda
*** Element info: {Using=class name, value=app_logo}&#13;
	at java.base/jdk.internal.reflect.NativeConstructorAccessorImpl.newInstance0(Native Method)&#13;
	at java.base/jdk.internal.reflect.NativeConstructorAccessorImpl.newInstance(NativeConstructorAccessorImpl.java:62)&#13;
	at java.base/jdk.internal.reflect.DelegatingConstructorAccessorImpl.newInstance(DelegatingConstructorAccessorImpl.java:45)&#13;
	at java.base/java.lang.reflect.Constructor.newInstance(Constructor.java:490)&#13;
	at org.openqa.selenium.remote.http.W3CHttpResponseCodec.createException(W3CHttpResponseCodec.java:187)&#13;
	at org.openqa.selenium.remote.http.W3CHttpResponseCodec.decode(W3CHttpResponseCodec.java:122)&#13;
	at org.openqa.selenium.remote.http.W3CHttpResponseCodec.decode(W3CHttpResponseCodec.java:49)&#13;
	at org.openqa.selenium.remote.HttpCommandExecutor.execute(HttpCommandExecutor.java:164)&#13;
	at org.openqa.selenium.remote.service.DriverCommandExecutor.execute(DriverCommandExecutor.java:83)&#13;
	at org.openqa.selenium.remote.RemoteWebDriver.execute(RemoteWebDriver.java:600)&#13;
	at org.openqa.selenium.remote.RemoteWebDriver.findElement(RemoteWebDriver.java:370)&#13;
	at org.openqa.selenium.remote.RemoteWebDriver.findElementByClassName(RemoteWebDriver.java:456)&#13;
	at org.openqa.selenium.By$ByClassName.findElement(By.java:391)&#13;
	at org.openqa.selenium.remote.RemoteWebDriver.findElement(RemoteWebDriver.java:362)&#13;
	at seleniumgluecode.test.ingresaALaPaginaDeProductos(test.java:43)&#13;
	at ✽.Then ingresa a la pagina de productos(test.feature:8)&#13;
</output>
                    </test>
                </suite>
                <suite duration="0" locationUrl="java:suite://| problem_user | secret_sauce |" name="| problem_user | secret_sauce |" status="passed">
                    <test duration="0" locationUrl="cucumber.runtime.model.ExampleStep@15f47664" name="| problem_user | secret_sauce |.Given ingreso a la pagina de login de la aplicacion web swaglabs" status="passed"/>
                    <test duration="0" locationUrl="cucumber.runtime.model.ExampleStep@471a9022" name="| problem_user | secret_sauce |.When se ingresa el nombre de usuario &quot;problem_user&quot;" status="passed"/>
                    <test duration="0" locationUrl="cucumber.runtime.model.ExampleStep@dc9876b" name="| problem_user | secret_sauce |.And se ingresa el password &quot;secret_sauce&quot;" status="passed"/>
                    <test duration="0" locationUrl="cucumber.runtime.model.ExampleStep@2f666ebb" name="| problem_user | secret_sauce |.And clic en boton login" status="passed"/>
                    <test duration="0" locationUrl="cucumber.runtime.model.ExampleStep@19976a65" name="| problem_user | secret_sauce |.Then ingresa a la pagina de productos" status="passed"/>
                </suite>
                <suite duration="0" locationUrl="java:suite://| performance_glitch_user | secret_sauce |" name="| performance_glitch_user | secret_sauce |" status="passed">
                    <test duration="0" locationUrl="cucumber.runtime.model.ExampleStep@a1f72f5" name="| performance_glitch_user | secret_sauce |.Given ingreso a la pagina de login de la aplicacion web swaglabs" status="passed"/>
                    <test duration="0" locationUrl="cucumber.runtime.model.ExampleStep@4b2c5e02" name="| performance_glitch_user | secret_sauce |.When se ingresa el nombre de usuario &quot;performance_glitch_user&quot;" status="passed"/>
                    <test duration="0" locationUrl="cucumber.runtime.model.ExampleStep@57a3e26a" name="| performance_glitch_user | secret_sauce |.And se ingresa el password &quot;secret_sauce&quot;" status="passed"/>
                    <test duration="0" locationUrl="cucumber.runtime.model.ExampleStep@75c56eb9" name="| performance_glitch_user | secret_sauce |.And clic en boton login" status="passed"/>
                    <test duration="0" locationUrl="cucumber.runtime.model.ExampleStep@4bc222e" name="| performance_glitch_user | secret_sauce |.Then ingresa a la pagina de productos" status="passed"/>
                </suite>
            </suite>
        </suite>
        <suite duration="0" locationUrl="java:suite://Scenario: login usuario invalido" name="Scenario: login usuario invalido" status="passed">
            <test duration="0" locationUrl="gherkin.formatter.model.Step@2dc9b0f5" name="Scenario: login usuario invalido.Given ingreso a la pagina de login de la aplicacion web swaglabs" status="passed"/>
            <test duration="0" locationUrl="gherkin.formatter.model.Step@6531a794" name="Scenario: login usuario invalido.When se ingresa nombre de usuario no valido &quot;Harold_Espana&quot;" status="passed"/>
            <test duration="0" locationUrl="gherkin.formatter.model.Step@3b5fad2d" name="Scenario: login usuario invalido.And se ingresa password no valido &quot;123456&quot;" status="passed"/>
            <test duration="0" locationUrl="gherkin.formatter.model.Step@5e17553a" name="Scenario: login usuario invalido.And clic en boton login" status="passed"/>
            <test duration="0" locationUrl="gherkin.formatter.model.Step@3eb91815" name="Scenario: login usuario invalido.Then muestra mensaje de error de usuario con el texto:" status="passed"/>
        </suite>
        <suite duration="0" locationUrl="java:suite://Scenario: login con campo usuario vacio" name="Scenario: login con campo usuario vacio" status="passed">
            <test duration="0" locationUrl="gherkin.formatter.model.Step@56dc1551" name="Scenario: login con campo usuario vacio.Given ingreso a la pagina de login de la aplicacion web swaglabs" status="passed"/>
            <test duration="0" locationUrl="gherkin.formatter.model.Step@102cec62" name="Scenario: login con campo usuario vacio.When se ingresa password &quot;secret_sauce&quot;" status="passed"/>
            <test duration="0" locationUrl="gherkin.formatter.model.Step@74f6c5d8" name="Scenario: login con campo usuario vacio.And clic en boton login" status="passed"/>
            <test duration="0" locationUrl="gherkin.formatter.model.Step@27912e3" name="Scenario: login con campo usuario vacio.Then muestra mensaje de error usuario requerido con el texto:" status="passed"/>
        </suite>
        <suite duration="0" locationUrl="java:suite://Scenario: login con campo password vacio" name="Scenario: login con campo password vacio" status="passed">
            <test duration="0" locationUrl="gherkin.formatter.model.Step@34b9f960" name="Scenario: login con campo password vacio.Given ingreso a la pagina de login de la aplicacion web swaglabs" status="passed"/>
            <test duration="0" locationUrl="gherkin.formatter.model.Step@43015c69" name="Scenario: login con campo password vacio.When se ingresa nombre de usuario &quot;standard_user&quot;" status="passed"/>
            <test duration="0" locationUrl="gherkin.formatter.model.Step@19b89d4" name="Scenario: login con campo password vacio.And clic en boton login" status="passed"/>
            <test duration="0" locationUrl="gherkin.formatter.model.Step@4bbf6d0e" name="Scenario: login con campo password vacio.Then muestra mensaje de error password requerido con el texto:" status="passed"/>
        </suite>
        <suite duration="0" locationUrl="java:suite://Scenario: cerrar mensaje de error" name="Scenario: cerrar mensaje de error" status="passed">
            <test duration="0" locationUrl="gherkin.formatter.model.Step@30b6ffe0" name="Scenario: cerrar mensaje de error.Given ingreso a la pagina de login de la aplicacion web swaglabs" status="passed"/>
            <test duration="0" locationUrl="gherkin.formatter.model.Step@791d1f8b" name="Scenario: cerrar mensaje de error.And clic en boton login" status="passed"/>
            <test duration="0" locationUrl="gherkin.formatter.model.Step@2415fc55" name="Scenario: cerrar mensaje de error.And se ha mostrado un mensaje de error" status="passed"/>
            <test duration="0" locationUrl="gherkin.formatter.model.Step@14f232c4" name="Scenario: cerrar mensaje de error.When hago clic en el boton con la x del mensaje" status="passed"/>
            <test duration="0" locationUrl="gherkin.formatter.model.Step@13bc8645" name="Scenario: cerrar mensaje de error.Then se oculta el mensaje de error" status="passed"/>
        </suite>
    </suite>
</testrun>
